2
CB
194
25D
326
3F0
4B9
582
64B
714
7DD
8A6
96E
A37
B00
BC8
C90
D59
E21
EE9
FB0
1078
1140
1207
12CE
1395
145C
1523
15E9
16AF
1775
183B
1900
19C6
1A8B
1B4F
1C14
1CD8
1D9C
1E60
1F23
1FE6
20A9
216B
222D
22EF
23B1
2472
2532
25F3
26B3
2772
2832
28F1
29AF
2A6D
2B2B
2BE8
2CA5
2D61
2E1D
2ED9
2F94
304F
3109
31C2
327C
3334
33EC
34A4
355B
3612
36C8
377E
3833
38E7
399B
3A4F
3B02
3BB4
3C66
3D17
3DC8
3E78
3F27
3FD6
4084
4131
41DE
428A
4336
43E1
448B
4535
45DE
4686
472E
47D5
487B
4921
49C5
4A69
4B0D
4BB0
4C51
4CF3
4D93
4E33
4ED2
4F70
500D
50AA
5146
51E1
527B
5315
53AE
5445
54DD
5573
5608
569D
5731
57C4
5856
58E7
5977
5A07
5A95
5B23
5BB0
5C3C
5CC7
5D51
5DDB
5E63
5EEB
5F71
5FF7
607C
60FF
6182
6204
6285
6305
6384
6402
647F
64FC
6577
65F1
666A
66E2
675A
67D0
6845
68B9
692D
699F
6A10
6A80
6AEF
6B5D
6BCA
6C36
6CA1
6D0B
6D74
6DDC
6E43
6EA9
6F0D
6F71
6FD3
7035
7095
70F4
7152
71AF
720B
7266
72C0
7318
7370
73C6
741C
7470
74C3
7515
7566
75B5
7604
7651
769D
76E8
7732
777B
77C3
7809
784F
7893
78D6
7918
7958
7998
79D6
7A13
7A4F
7A8A
7AC3
7AFC
7B33
7B69
7B9E
7BD2
7C04
7C35
7C65
7C94
7CC2
7CEE
7D19
7D44
7D6C
7D94
7DBA
7DE0
7E03
7E26
7E48
7E68
7E87
7EA5
7EC2
7EDD
7EF7
7F10
7F28
7F3E
7F54
7F68
7F7B
7F8C
7F9D
7FAC
7FBA
7FC6
7FD2
7FDC
7FE5
7FED
7FF3
7FF8
7FFC
7FFD
7FFE
7FFE
7FFD
7FFA
7FFA
7FF6
7FF0
7FE9
7FE1
7FD7
7FCC
7FC0
7FB3
7FA4
7F95
7F84
7F71
7F5E
7F49
7F33
7F1C
7F04
7EEA
7ED0
7EB3
7E96
7E78
7E58
7E37
7E15
7DF2
7DCD
7DA7
7D80
7D58
7D2F
7D04
7CD8
7CAB
7C7D
7C4D
7C1D
7BEB
7BB8
7B84
7B4E
7B18
7AE0
7AA7
7A6D
7A31
79F5
79B7
7978
7938
78F7
78B4
7871
782C
77E6
779F
7757
770E
76C3
7677
762B
75DD
758E
753D
74EC
749A
7446
73F1
739B
7344
72EC
7293
7239
71DD
7181
7123
70C5
7065
7004
6FA2
6F3F
6EDB
6E76
6E10
6DA8
6D40
6CD7
6C6C
6C01
6B94
6B26
6AB8
6A48
69D8
6966
68F3
687F
680B
6795
671E
66A6
662E
65B4
6539
64BE
6441
63C3
6345
62C5
6245
61C3
6141
60BE
6039
5FB4
5F2E
5EA7
5E1F
5D96
5D0C
5C82
5BF6
5B6A
5ADC
5A4E
59BF
592F
589E
580D
577A
56E7
5653
55BE
5528
5491
53FA
5361
52C8
522E
5194
50F8
505C
4FBF
4F21
4E82
4DE3
4D43
4CA2
4C01
4B5E
4ABB
4A18
4973
48CE
4828
4781
46DA
4632
458A
44E0
4436
438C
42E0
4234
4188
40DB
402D
3F7E
3ECF
3E20
3D6F
3CBF
3C0D
3B5B
3AA8
39F5
3942
388D
37D8
3723
366D
35B7
3500
3448
3390
32D8
321F
3166
30AC
2FF1
2F36
2E7B
2DBF
2D03
2C47
2B8A
2ACC
2A0E
2950
2891
27D2
2713
2653
2593
24D2
2411
2350
228E
21CC
210A
2047
1F85
1EC1
1DFE
1D3A
1C76
1BB2
1AED
1A28
1963
189E
17D8
1712
164C
1586
14BF
13F9
1332
126B
11A3
10DC
1014
F4D
E85
DBD
CF5
C2C
B64
A9B
9D3
90A
841
778
6AF
5E6
51D
454
38B
2C2
1F9
12F
66
3
