2710   // ms values for 60-250 bpm *10, 14 bit
266C
25CD
2534
249F
240F
2383
22FB
2278
21F8
217B
2103
208D
201B
1FAC
1F40
1ED7
1E70
1E0C
1DAB
1D4C
1CEF
1C95
1C3D
1BE7
1B93
1B41
1AF1
1AA2
1A56
1A0B
19C1
197A
1934
18EF
18AC
186A
182A
17EA
17AD
1770
1735
16FA
16C1
1689
1652
161C
15E7
15B4
1581
154F
151D
14ED
14BE
148F
1461
1434
1408
13DD
13B2
1388
135F
1336
130E
12E7
12C0
129A
1274
1250
122B
1207
11E4
11C1
119F
117E
115C
113C
111C
10FC
10DD
10BE
109F
1081
1064
1047
102A
100E
FF2
FD6
FBB
FA0
F86
F6B
F52
F38
F1F
F06
EEE
ED5
EBE
EA6
E8F
E78
E61
E4B
E34
E1E
E09
DF3
DDE
DC9
DB5
DA0
D8C
D78
D65
D51
D3E
D2B
D18
D05
CF3
CE1
CCF
CBD
CAB
C9A
C89
C77
C67
C56
C45
C35
C25
C15
C05
BF5
BE6
BD6
BC7
BB8
BA9
B9A
B8C
B7D
B6F
B61
B53
B45
B37
B29
B1C
B0E
B01
AF4
AE7
ADA
ACD
AC0
AB4
AA7
A9B
A8F
A83
A77
A6B
A5F
A53
A48
A3C
A31
A25
A1A
A0F
A04
9F9
9EE
9E4
9D9
9CE
9C4
9BA
9AF
9A5
99B
991
987
97D
973
96A
960